<?xml version="1.0" encoding="UTF-8"?>
<testng-results skipped="0" failed="0" total="1" passed="1">
  <reporter-output>
  </reporter-output>
  <suite name="Default suite" duration-ms="35" started-at="2019-02-03T14:15:23Z" finished-at="2019-02-03T14:15:23Z">
    <groups>
    </groups>
    <test name="Default test" duration-ms="35" started-at="2019-02-03T14:15:23Z" finished-at="2019-02-03T14:15:23Z">
      <class name="com.java.testing.basic.Rest.testt">
        <test-method status="PASS" signature="abc()[pri:0, instance:com.java.testing.basic.Rest.testt@531be3c5]" name="abc" duration-ms="14" started-at="2019-02-03T19:45:23Z" finished-at="2019-02-03T19:45:23Z">
          <reporter-output>
          </reporter-output>
        </test-method> <!-- abc -->
      </class> <!-- com.java.testing.basic.Rest.testt -->
    </test> <!-- Default test -->
  </suite> <!-- Default suite -->
</testng-results>
